<?xml version="1.0" encoding="UTF-8"?>
<testng-results skipped="0" failed="0" ignored="0" total="1" passed="1">
  <reporter-output>
  </reporter-output>
  <suite name="Default suite" duration-ms="13994" started-at="2018-08-22T18:21:48Z" finished-at="2018-08-22T18:22:02Z">
    <groups>
    </groups>
    <test name="Default test" duration-ms="13994" started-at="2018-08-22T18:21:48Z" finished-at="2018-08-22T18:22:02Z">
      <class name="mvn.Register">
        <test-method status="PASS" signature="f()[pri:0, instance:mvn.Register@29774679]" name="f" duration-ms="13959" started-at="2018-08-22T18:21:48Z" finished-at="2018-08-22T18:22:02Z">
          <reporter-output>
          </reporter-output>
        </test-method> <!-- f -->
      </class> <!-- mvn.Register -->
    </test> <!-- Default test -->
  </suite> <!-- Default suite -->
</testng-results>
